Arguments: 
  C:\Program Files\nodejs\node.exe C:\Program Files\nodejs\node_modules\yarn\bin\yarn.js install

PATH: 
  C:\WINDOWS\system32;C:\WINDOWS;C:\WINDOWS\System32\Wbem;C:\WINDOWS\System32\WindowsPowerShell\v1.0\;C:\WINDOWS\System32\OpenSSH\;C:\Users\Azarudeen\AppData\Roaming\nvm;C:\Program Files\nodejs;C:\Program Files\Git\bin\;C:\Program Files\Git\cmd\;C:\Users\Azarudeen\AppData\Local\Microsoft\WindowsApps;C:\Users\Azarudeen\AppData\Roaming\nvm;C:\Program Files\nodejs;C:\Users\Azarudeen\AppData\Local\Programs\Microsoft VS Code\bin

Yarn version: 
  1.22.17

Node version: 
  14.0.0

Platform: 
  win32 x64

Trace: 
  SyntaxError: C:\Users\Azarudeen\Desktop\package.json: Unexpected token : in JSON at position 26
      at JSON.parse (<anonymous>)
      at C:\Users\Azarudeen\AppData\Roaming\nvm\v14.0.0\node_modules\yarn\lib\cli.js:1625:59
      at Generator.next (<anonymous>)
      at step (C:\Users\Azarudeen\AppData\Roaming\nvm\v14.0.0\node_modules\yarn\lib\cli.js:310:30)
      at C:\Users\Azarudeen\AppData\Roaming\nvm\v14.0.0\node_modules\yarn\lib\cli.js:321:13

npm manifest: 
  {
    "name": "homegenieapp_a",
    "version": "1.0.0",
    "main": "node_modules/expo/AppEntry.js",
    "scripts": {
      "start": "expo start",
      "android": "expo start --android",
      "ios": "expo start --ios",
      "web": "expo start --web",
      "eject": "expo eject"
    },
    "dependencies": {
      "@fortawesome/fontawesome-svg-core": "^1.2.36",
      "@fortawesome/free-solid-svg-icons": "^5.15.4",
      "@fortawesome/react-native-fontawesome": "^0.2.7",
      "@react-native-clipboard/clipboard": "^1.8.5",
      "@react-native-community/masked-view": "^0.1.11",
      "@react-native-community/picker": "^1.8.1",
      "@react-navigation/bottom-tabs": "^6.1.0",
      "@react-navigation/native": "^6.0.6",
      "@react-navigation/native-stack": "^6.3.0",
      "@react-navigation/stack": "^6.0.11",
      "accordion-collapse-react-native": "^1.1.0",
      "expo": "~44.0.0",
      "expo-app-loading": "^1.3.0",
      "expo-image-picker": "^12.0.1",
      "expo-status-bar": "~1.2.0",
      "moment": "^2.29.1",
      "moment-timezone": "^0.5.34",
      "native-base": "^3.3.4",
      "pod-install": "^0.1.31",
      "react": "17.0.1",
      "react-dom": "17.0.1",
      "react-hook-form": "^7.25.3",
      "react-native": "0.64.3",
      "react-native-date-picker": "^4.1.3",
      "react-native-dropdown-picker": "^5.3.0",
      "react-native-gesture-handler": "~2.1.0",
      "react-native-maps": "0.29.4",
      "react-native-modal": "^13.0.0",
      "react-native-pager-view": "^5.4.9",
      "react-native-paper": "^4.11.2",
      "react-native-picker-select": "^8.0.4",
      "react-native-progress-steps": "^1.3.4",
      "react-native-reanimated": "~2.3.1",
      "react-native-safe-area-context": "3.3.2",
      "react-native-screens": "~3.10.1",
      "react-native-searchable-dropdown": "^1.1.3",
      "react-native-svg": "^12.1.1",
      "react-native-swiper": "^1.6.0",
      "react-native-swiper-flatlist": "^3.0.16",
      "react-native-tab-view": "^3.1.1",
      "react-native-web": "0.17.1",
      "react-redux": "^7.2.6",
      "redux": "^4.1.2",
      "redux-logger": "^3.0.6",
      "redux-thunk": "^2.4.1",
      "rn-country-picker": "^0.0.13",
      "yarn": "^1.22.17"
    },
    "devDependencies": {
      "@babel/core": "^7.12.9"
    },
    "private": true
  }

yarn manifest: 
  No manifest

Lockfile: 
  No lockfile
